[INFO] Scanning for projects...
[INFO] 
[INFO] ------------------< com.lms:leave-management-system >-------------------
[INFO] Building Leave Management System 1.0.0
[INFO]   from pom.xml
[INFO] --------------------------------[ jar ]---------------------------------
[INFO] 
[INFO] >>> spring-boot:3.2.0:run (default-cli) > test-compile @ leave-management-system >>>
[INFO] 
[INFO] --- resources:3.3.1:resources (default-resources) @ leave-management-system ---
[INFO] Copying 1 resource from src\main\resources to target\classes
[INFO] Copying 0 resource from src\main\resources to target\classes
[INFO] 
[INFO] --- compiler:3.11.0:compile (default-compile) @ leave-management-system ---
[INFO] Nothing to compile - all classes are up to date
[INFO] 
[INFO] --- resources:3.3.1:testResources (default-testResources) @ leave-management-system ---
[INFO] skip non existing resourceDirectory C:\Users\aishw\Downloads\lms-complete (3)\lms\backend\src\test\resources
[INFO] 
[INFO] --- compiler:3.11.0:testCompile (default-testCompile) @ leave-management-system ---
[INFO] Nothing to compile - all classes are up to date
[INFO] 
[INFO] <<< spring-boot:3.2.0:run (default-cli) < test-compile @ leave-management-system <<<
[INFO] 
[INFO] 
[INFO] --- spring-boot:3.2.0:run (default-cli) @ leave-management-system ---
[INFO] Attaching agents: []

  .   ____          _            __ _ _
 /\\ / ___'_ __ _ _(_)_ __  __ _ \ \ \ \
( ( )\___ | '_ | '_| | '_ \/ _` | \ \ \ \
 \\/  ___)| |_)| | | | | || (_| |  ) ) ) )
  '  |____| .__|_| |_|_| |_\__, | / / / /
 =========|_|==============|___/=/_/_/_/
 :: Spring Boot ::                (v3.2.0)

2026-04-23T15:15:19.572+05:30  INFO 6436 --- [leave-management-system] [           main] c.lms.LeaveManagementSystemApplication   : Starting LeaveManagementSystemApplication using Java 21.0.10 with PID 6436 (C:\Users\aishw\Downloads\lms-complete (3)\lms\backend\target\classes started by aishw in C:\Users\aishw\Downloads\lms-complete (3)\lms\backend)
2026-04-23T15:15:19.575+05:30 DEBUG 6436 --- [leave-management-system] [           main] c.lms.LeaveManagementSystemApplication   : Running with Spring Boot v3.2.0, Spring v6.1.1
2026-04-23T15:15:19.577+05:30  INFO 6436 --- [leave-management-system] [           main] c.lms.LeaveManagementSystemApplication   : No active profile set, falling back to 1 default profile: "default"
2026-04-23T15:15:20.992+05:30  INFO 6436 --- [leave-management-system] [           main] .s.d.r.c.RepositoryConfigurationDelegate : Bootstrapping Spring Data JPA repositories in DEFAULT mode.
2026-04-23T15:15:21.097+05:30  INFO 6436 --- [leave-management-system] [           main] .s.d.r.c.RepositoryConfigurationDelegate : Finished Spring Data repository scanning in 93 ms. Found 2 JPA repository interfaces.
2026-04-23T15:15:22.445+05:30  INFO 6436 --- [leave-management-system] [           main] o.s.b.w.embedded.tomcat.TomcatWebServer  : Tomcat initialized with port 8080 (http)
2026-04-23T15:15:22.457+05:30  INFO 6436 --- [leave-management-system] [           main] o.apache.catalina.core.StandardService   : Starting service [Tomcat]
2026-04-23T15:15:22.458+05:30  INFO 6436 --- [leave-management-system] [           main] o.apache.catalina.core.StandardEngine    : Starting Servlet engine: [Apache Tomcat/10.1.16]
2026-04-23T15:15:22.530+05:30  INFO 6436 --- [leave-management-system] [           main] o.a.c.c.C.[Tomcat].[localhost].[/]       : Initializing Spring embedded WebApplicationContext
2026-04-23T15:15:22.532+05:30  INFO 6436 --- [leave-management-system] [           main] w.s.c.ServletWebServerApplicationContext : Root WebApplicationContext: initialization completed in 2867 ms
2026-04-23T15:15:22.713+05:30  INFO 6436 --- [leave-management-system] [           main] o.hibernate.jpa.internal.util.LogHelper  : HHH000204: Processing PersistenceUnitInfo [name: default]
2026-04-23T15:15:22.802+05:30  INFO 6436 --- [leave-management-system] [           main] org.hibernate.Version                    : HHH000412: Hibernate ORM core version 6.3.1.Final
2026-04-23T15:15:22.867+05:30  INFO 6436 --- [leave-management-system] [           main] o.h.c.internal.RegionFactoryInitiator    : HHH000026: Second-level cache disabled
2026-04-23T15:15:23.425+05:30  INFO 6436 --- [leave-management-system] [           main] o.s.o.j.p.SpringPersistenceUnitInfo      : No LoadTimeWeaver setup: ignoring JPA class transformer
2026-04-23T15:15:23.487+05:30  INFO 6436 --- [leave-management-system] [           main] com.zaxxer.hikari.HikariDataSource       : HikariPool-1 - Starting...
2026-04-23T15:15:23.832+05:30  INFO 6436 --- [leave-management-system] [           main] com.zaxxer.hikari.pool.HikariPool        : HikariPool-1 - Added connection com.mysql.cj.jdbc.ConnectionImpl@6684f7f2
2026-04-23T15:15:23.837+05:30  INFO 6436 --- [leave-management-system] [           main] com.zaxxer.hikari.HikariDataSource       : HikariPool-1 - Start completed.
2026-04-23T15:15:23.932+05:30  WARN 6436 --- [leave-management-system] [           main] org.hibernate.orm.deprecation            : HHH90000025: MySQL8Dialect does not need to be specified explicitly using 'hibernate.dialect' (remove the property setting and it will be selected by default)
2026-04-23T15:15:23.936+05:30  WARN 6436 --- [leave-management-system] [           main] org.hibernate.orm.deprecation            : HHH90000026: MySQL8Dialect has been deprecated; use org.hibernate.dialect.MySQLDialect instead
2026-04-23T15:15:25.828+05:30  INFO 6436 --- [leave-management-system] [           main] o.h.e.t.j.p.i.JtaPlatformInitiator       : HHH000489: No JTA platform available (set 'hibernate.transaction.jta.platform' to enable JTA platform integration)
2026-04-23T15:15:26.049+05:30  INFO 6436 --- [leave-management-system] [           main] j.LocalContainerEntityManagerFactoryBean : Initialized JPA EntityManagerFactory for persistence unit 'default'
2026-04-23T15:15:26.846+05:30 DEBUG 6436 --- [leave-management-system] [           main] c.lms.security.JwtAuthenticationFilter   : Filter 'jwtAuthenticationFilter' configured for use
2026-04-23T15:15:26.955+05:30  INFO 6436 --- [leave-management-system] [           main] o.s.d.j.r.query.QueryEnhancerFactory     : Hibernate is in classpath; If applicable, HQL parser will be used.
2026-04-23T15:15:28.020+05:30  WARN 6436 --- [leave-management-system] [           main] JpaBaseConfiguration$JpaWebConfiguration : spring.jpa.open-in-view is enabled by default. Therefore, database queries may be performed during view rendering. Explicitly configure spring.jpa.open-in-view to disable this warning
2026-04-23T15:15:28.610+05:30  INFO 6436 --- [leave-management-system] [           main] o.s.s.web.DefaultSecurityFilterChain     : Will secure any request with [org.springframework.security.web.session.DisableEncodeUrlFilter@46977829, org.springframework.security.web.context.request.async.WebAsyncManagerIntegrationFilter@24eb71f6, org.springframework.security.web.context.SecurityContextHolderFilter@697797e4, org.springframework.security.web.header.HeaderWriterFilter@5f1d270a, org.springframework.web.filter.CorsFilter@12b34bd5, org.springframework.security.web.authentication.logout.LogoutFilter@53d3ae89, com.lms.security.JwtAuthenticationFilter@e47637c, org.springframework.security.web.savedrequest.RequestCacheAwareFilter@56a34c0e, org.springframework.security.web.servletapi.SecurityContextHolderAwareRequestFilter@16750a5e, org.springframework.security.web.authentication.AnonymousAuthenticationFilter@17da6e45, org.springframework.security.web.session.SessionManagementFilter@3d7d920b, org.springframework.security.web.access.ExceptionTranslationFilter@2daf650b, org.springframework.security.web.access.intercept.AuthorizationFilter@76629f82]
2026-04-23T15:15:29.172+05:30  INFO 6436 --- [leave-management-system] [           main] o.s.b.w.embedded.tomcat.TomcatWebServer  : Tomcat started on port 8080 (http) with context path ''
2026-04-23T15:15:29.187+05:30  INFO 6436 --- [leave-management-system] [           main] c.lms.LeaveManagementSystemApplication   : Started LeaveManagementSystemApplication in 10.596 seconds (process running for 11.231)
Hibernate: 
    select
        count(*) 
    from
        users u1_0
2026-04-23T15:16:05.257+05:30  INFO 6436 --- [leave-management-system] [nio-8080-exec-1] o.a.c.c.C.[Tomcat].[localhost].[/]       : Initializing Spring DispatcherServlet 'dispatcherServlet'
2026-04-23T15:16:05.257+05:30  INFO 6436 --- [leave-management-system] [nio-8080-exec-1] o.s.web.servlet.DispatcherServlet        : Initializing Servlet 'dispatcherServlet'
2026-04-23T15:16:05.259+05:30  INFO 6436 --- [leave-management-system] [nio-8080-exec-1] o.s.web.servlet.DispatcherServlet        : Completed initialization in 1 ms
2026-04-23T15:16:05.278+05:30 DEBUG 6436 --- [leave-management-system] [nio-8080-exec-1] o.s.security.web.FilterChainProxy        : Securing GET /api/auth/login
2026-04-23T15:16:05.298+05:30 DEBUG 6436 --- [leave-management-system] [nio-8080-exec-1] o.s.s.w.a.AnonymousAuthenticationFilter  : Set SecurityContextHolder to anonymous SecurityContext
2026-04-23T15:16:05.300+05:30  WARN 6436 --- [leave-management-system] [nio-8080-exec-1] o.s.w.s.h.HandlerMappingIntrospector     : Cache miss for REQUEST dispatch to '/api/auth/login' (previous null). Performing MatchableHandlerMapping lookup. This is logged once only at WARN level, and every time at TRACE.
2026-04-23T15:16:05.315+05:30 DEBUG 6436 --- [leave-management-system] [nio-8080-exec-1] o.s.security.web.FilterChainProxy        : Secured GET /api/auth/login
2026-04-23T15:18:41.048+05:30 DEBUG 6436 --- [leave-management-system] [nio-8080-exec-3] o.s.security.web.FilterChainProxy        : Securing GET /api/leaves/dashboard/employee
Hibernate: 
    select
        u1_0.id,
        u1_0.contact_number,
        u1_0.department,
        u1_0.email,
        u1_0.name,
        u1_0.password,
        u1_0.role,
        u1_0.total_leaves,
        u1_0.used_leaves 
    from
        users u1_0 
    where
        u1_0.email=?
2026-04-23T15:18:41.636+05:30  INFO 6436 --- [leave-management-system] [nio-8080-exec-3] c.lms.security.JwtAuthenticationFilter   : JWT Authentication successful for user: aishwaryazinjurte2003@gmail.com
2026-04-23T15:18:41.671+05:30 DEBUG 6436 --- [leave-management-system] [nio-8080-exec-3] o.s.security.web.FilterChainProxy        : Secured GET /api/leaves/dashboard/employee
2026-04-23T15:18:41.697+05:30 DEBUG 6436 --- [leave-management-system] [nio-8080-exec-3] horizationManagerBeforeMethodInterceptor : Authorizing method invocation ReflectiveMethodInvocation: public org.springframework.http.ResponseEntity com.lms.controller.LeaveController.getEmployeeDashboard(); target is of class [com.lms.controller.LeaveController]
2026-04-23T15:18:41.815+05:30 DEBUG 6436 --- [leave-management-system] [nio-8080-exec-3] horizationManagerBeforeMethodInterceptor : Authorized method invocation ReflectiveMethodInvocation: public org.springframework.http.ResponseEntity com.lms.controller.LeaveController.getEmployeeDashboard(); target is of class [com.lms.controller.LeaveController]
Hibernate: 
    select
        u1_0.id,
        u1_0.contact_number,
        u1_0.department,
        u1_0.email,
        u1_0.name,
        u1_0.password,
        u1_0.role,
        u1_0.total_leaves,
        u1_0.used_leaves 
    from
        users u1_0 
    where
        u1_0.email=?
Hibernate: 
    select
        count(lr1_0.id) 
    from
        leave_requests lr1_0 
    where
        lr1_0.employee_id=? 
        and lr1_0.status=?
Hibernate: 
    select
        count(lr1_0.id) 
    from
        leave_requests lr1_0 
    where
        lr1_0.employee_id=? 
        and lr1_0.status=?
Hibernate: 
    select
        count(lr1_0.id) 
    from
        leave_requests lr1_0 
    where
        lr1_0.employee_id=? 
        and lr1_0.status=?
2026-04-23T15:18:48.473+05:30 DEBUG 6436 --- [leave-management-system] [nio-8080-exec-5] o.s.security.web.FilterChainProxy        : Securing GET /api/leaves/dashboard/employee
Hibernate: 
    select
        u1_0.id,
        u1_0.contact_number,
        u1_0.department,
        u1_0.email,
        u1_0.name,
        u1_0.password,
        u1_0.role,
        u1_0.total_leaves,
        u1_0.used_leaves 
    from
        users u1_0 
    where
        u1_0.email=?
2026-04-23T15:18:48.515+05:30  INFO 6436 --- [leave-management-system] [nio-8080-exec-5] c.lms.security.JwtAuthenticationFilter   : JWT Authentication successful for user: aishwaryazinjurte2003@gmail.com
2026-04-23T15:18:48.523+05:30 DEBUG 6436 --- [leave-management-system] [nio-8080-exec-5] o.s.security.web.FilterChainProxy        : Secured GET /api/leaves/dashboard/employee
2026-04-23T15:18:48.530+05:30 DEBUG 6436 --- [leave-management-system] [nio-8080-exec-5] horizationManagerBeforeMethodInterceptor : Authorizing method invocation ReflectiveMethodInvocation: public org.springframework.http.ResponseEntity com.lms.controller.LeaveController.getEmployeeDashboard(); target is of class [com.lms.controller.LeaveController]
2026-04-23T15:18:48.530+05:30 DEBUG 6436 --- [leave-management-system] [nio-8080-exec-5] horizationManagerBeforeMethodInterceptor : Authorized method invocation ReflectiveMethodInvocation: public org.springframework.http.ResponseEntity com.lms.controller.LeaveController.getEmployeeDashboard(); target is of class [com.lms.controller.LeaveController]
Hibernate: 
    select
        u1_0.id,
        u1_0.contact_number,
        u1_0.department,
        u1_0.email,
        u1_0.name,
        u1_0.password,
        u1_0.role,
        u1_0.total_leaves,
        u1_0.used_leaves 
    from
        users u1_0 
    where
        u1_0.email=?
Hibernate: 
    select
        count(lr1_0.id) 
    from
        leave_requests lr1_0 
    where
        lr1_0.employee_id=? 
        and lr1_0.status=?
Hibernate: 
    select
        count(lr1_0.id) 
    from
        leave_requests lr1_0 
    where
        lr1_0.employee_id=? 
        and lr1_0.status=?
Hibernate: 
    select
        count(lr1_0.id) 
    from
        leave_requests lr1_0 
    where
        lr1_0.employee_id=? 
        and lr1_0.status=?
2026-04-23T15:26:05.051+05:30 DEBUG 6436 --- [leave-management-system] [nio-8080-exec-2] o.s.security.web.FilterChainProxy        : Securing GET /
2026-04-23T15:26:05.051+05:30 DEBUG 6436 --- [leave-management-system] [nio-8080-exec-2] o.s.s.w.a.AnonymousAuthenticationFilter  : Set SecurityContextHolder to anonymous SecurityContext
2026-04-23T15:26:05.075+05:30 DEBUG 6436 --- [leave-management-system] [nio-8080-exec-2] o.s.s.w.a.Http403ForbiddenEntryPoint     : Pre-authenticated entry point called. Rejecting access
2026-04-23T15:26:05.087+05:30 DEBUG 6436 --- [leave-management-system] [nio-8080-exec-2] o.s.security.web.FilterChainProxy        : Securing GET /error
2026-04-23T15:26:05.103+05:30 DEBUG 6436 --- [leave-management-system] [nio-8080-exec-2] o.s.s.w.a.AnonymousAuthenticationFilter  : Set SecurityContextHolder to anonymous SecurityContext
2026-04-23T15:26:05.103+05:30 DEBUG 6436 --- [leave-management-system] [nio-8080-exec-2] o.s.s.w.a.Http403ForbiddenEntryPoint     : Pre-authenticated entry point called. Rejecting access
2026-04-23T15:26:07.232+05:30 DEBUG 6436 --- [leave-management-system] [nio-8080-exec-7] o.s.security.web.FilterChainProxy        : Securing GET /
2026-04-23T15:26:07.232+05:30 DEBUG 6436 --- [leave-management-system] [nio-8080-exec-7] o.s.s.w.a.AnonymousAuthenticationFilter  : Set SecurityContextHolder to anonymous SecurityContext
2026-04-23T15:26:07.246+05:30 DEBUG 6436 --- [leave-management-system] [nio-8080-exec-7] o.s.s.w.a.Http403ForbiddenEntryPoint     : Pre-authenticated entry point called. Rejecting access
2026-04-23T15:26:07.248+05:30 DEBUG 6436 --- [leave-management-system] [nio-8080-exec-7] o.s.security.web.FilterChainProxy        : Securing GET /error
2026-04-23T15:26:07.257+05:30 DEBUG 6436 --- [leave-management-system] [nio-8080-exec-7] o.s.s.w.a.AnonymousAuthenticationFilter  : Set SecurityContextHolder to anonymous SecurityContext
2026-04-23T15:26:07.258+05:30 DEBUG 6436 --- [leave-management-system] [nio-8080-exec-7] o.s.s.w.a.Http403ForbiddenEntryPoint     : Pre-authenticated entry point called. Rejecting access
