
> leave-management-frontend@0.0.0 start
> ng serve --host 127.0.0.1

[33m>[39m Building...
[32m√[39m Building...
[1mInitial chunk files[22m[2m | [22m[1mNames[22m                       [2m | [22m [1mRaw size[22m
[32mpolyfills.js[39m       [2m | [22m[2mpolyfills[22m                   [2m | [22m [36m89.77 kB[39m[2m | [22m
[32mstyles.css[39m         [2m | [22m[2mstyles[22m                      [2m | [22m [36m31.48 kB[39m[2m | [22m
[32mmain.js[39m            [2m | [22m[2mmain[22m                        [2m | [22m  [36m5.26 kB[39m[2m | [22m
[32mchunk-UABBTLB4.js[39m  [2m | [22m[2m-[22m                           [2m | [22m  [36m2.38 kB[39m[2m | [22m
[32mchunk-PZ5AY32C.js[39m  [2m | [22m[2m-[22m                           [2m | [22m[36m234 bytes[39m[2m | [22m

[1m [22m                  [2m | [22m[1mInitial total[22m               [2m | [22m[1m129.13 kB[22m

[1mLazy chunk files[22m   [2m | [22m[1mNames[22m                       [2m | [22m [1mRaw size[22m
[32mchunk-GHBMH6HF.js[39m  [2m | [22m[2mteam-leaves-component[22m       [2m | [22m [36m42.20 kB[39m[2m | [22m
[32mchunk-5G2P5FG3.js[39m  [2m | [22m[2mapply-leave-component[22m       [2m | [22m [36m24.74 kB[39m[2m | [22m
[32mchunk-DSDQUB5J.js[39m  [2m | [22m[2memployee-dashboard-component[22m[2m | [22m [36m24.06 kB[39m[2m | [22m
[32mchunk-TAFUHYQA.js[39m  [2m | [22m[2mregister-component[22m          [2m | [22m [36m23.59 kB[39m[2m | [22m
[32mchunk-BPBOLNH4.js[39m  [2m | [22m[2mmy-leaves-component[22m         [2m | [22m [36m21.39 kB[39m[2m | [22m
[32mchunk-7X4BTRU6.js[39m  [2m | [22m[2mmanager-dashboard-component[22m [2m | [22m [36m19.41 kB[39m[2m | [22m
[32mchunk-DLM2HTO2.js[39m  [2m | [22m[2mleave-balance-component[22m     [2m | [22m [36m19.28 kB[39m[2m | [22m
[32mchunk-2FNGTWOB.js[39m  [2m | [22m[2msidebar-shell-component[22m     [2m | [22m [36m18.22 kB[39m[2m | [22m
[32mchunk-56T2ELD6.js[39m  [2m | [22m[2mlogin-component[22m             [2m | [22m [36m14.17 kB[39m[2m | [22m
[32mchunk-PRPF7QY7.js[39m  [2m | [22m[2m-[22m                           [2m | [22m  [36m2.31 kB[39m[2m | [22m

Application bundle generation complete. [6.899 seconds]

Watch mode enabled. Watching for file changes...
NOTE: Raw file sizes do not reflect development server per-request transformations.
  [32m➜[39m  [1mLocal[22m:   [36mhttp://127.0.0.1:[1m4200[22m/[39m
[2m[32m  ➜[39m[22m[2m  press [22m[1mh + enter[22m[2m to show help[22m
