[INFO] Scanning for projects...
[INFO] 
[INFO] ------------------< com.lms:leave-management-system >-------------------
[INFO] Building Leave Management System 1.0.0
[INFO]   from pom.xml
[INFO] --------------------------------[ jar ]---------------------------------
[INFO] 
[INFO] >>> spring-boot:3.2.0:run (default-cli) > test-compile @ leave-management-system >>>
[INFO] 
[INFO] --- resources:3.3.1:resources (default-resources) @ leave-management-system ---
[INFO] Copying 1 resource from src\main\resources to target\classes
[INFO] Copying 0 resource from src\main\resources to target\classes
[INFO] 
[INFO] --- compiler:3.11.0:compile (default-compile) @ leave-management-system ---
[INFO] Changes detected - recompiling the module! :source
[INFO] Compiling 31 source files with javac [debug release 21] to target\classes
[INFO] -------------------------------------------------------------
[ERROR] COMPILATION ERROR : 
[INFO] -------------------------------------------------------------
[ERROR] /C:/Users/admin/Desktop/lms-complete (3)/lms/backend/src/main/java/com/lms/dto/LeaveResponse.java:[31,29] cannot find symbol
  symbol:   method getId()
  location: variable leave of type com.lms.entity.LeaveRequest
[ERROR] /C:/Users/admin/Desktop/lms-complete (3)/lms/backend/src/main/java/com/lms/dto/LeaveResponse.java:[32,37] cannot find symbol
  symbol:   method getEmployee()
  location: variable leave of type com.lms.entity.LeaveRequest
[ERROR] /C:/Users/admin/Desktop/lms-complete (3)/lms/backend/src/main/java/com/lms/dto/LeaveResponse.java:[33,39] cannot find symbol
  symbol:   method getEmployee()
  location: variable leave of type com.lms.entity.LeaveRequest
[ERROR] /C:/Users/admin/Desktop/lms-complete (3)/lms/backend/src/main/java/com/lms/dto/LeaveResponse.java:[34,40] cannot find symbol
  symbol:   method getEmployee()
  location: variable leave of type com.lms.entity.LeaveRequest
[ERROR] /C:/Users/admin/Desktop/lms-complete (3)/lms/backend/src/main/java/com/lms/dto/LeaveResponse.java:[35,37] cannot find symbol
  symbol:   method getEmployee()
  location: variable leave of type com.lms.entity.LeaveRequest
[ERROR] /C:/Users/admin/Desktop/lms-complete (3)/lms/backend/src/main/java/com/lms/dto/LeaveResponse.java:[36,36] cannot find symbol
  symbol:   method getStartDate()
  location: variable leave of type com.lms.entity.LeaveRequest
[ERROR] /C:/Users/admin/Desktop/lms-complete (3)/lms/backend/src/main/java/com/lms/dto/LeaveResponse.java:[37,34] cannot find symbol
  symbol:   method getEndDate()
  location: variable leave of type com.lms.entity.LeaveRequest
[ERROR] /C:/Users/admin/Desktop/lms-complete (3)/lms/backend/src/main/java/com/lms/dto/LeaveResponse.java:[38,17] cannot find symbol
  symbol:   method setNumberOfDays(long)
  location: variable response of type com.lms.dto.LeaveResponse
[ERROR] /C:/Users/admin/Desktop/lms-complete (3)/lms/backend/src/main/java/com/lms/dto/LeaveResponse.java:[39,36] cannot find symbol
  symbol:   method getLeaveType()
  location: variable leave of type com.lms.entity.LeaveRequest
[ERROR] /C:/Users/admin/Desktop/lms-complete (3)/lms/backend/src/main/java/com/lms/dto/LeaveResponse.java:[40,33] cannot find symbol
  symbol:   method getReason()
  location: variable leave of type com.lms.entity.LeaveRequest
[ERROR] /C:/Users/admin/Desktop/lms-complete (3)/lms/backend/src/main/java/com/lms/dto/LeaveResponse.java:[41,33] cannot find symbol
  symbol:   method getStatus()
  location: variable leave of type com.lms.entity.LeaveRequest
[ERROR] /C:/Users/admin/Desktop/lms-complete (3)/lms/backend/src/main/java/com/lms/dto/LeaveResponse.java:[42,18] cannot find symbol
  symbol:   method getReviewedBy()
  location: variable leave of type com.lms.entity.LeaveRequest
[ERROR] /C:/Users/admin/Desktop/lms-complete (3)/lms/backend/src/main/java/com/lms/dto/LeaveResponse.java:[43,45] cannot find symbol
  symbol:   method getReviewedBy()
  location: variable leave of type com.lms.entity.LeaveRequest
[ERROR] /C:/Users/admin/Desktop/lms-complete (3)/lms/backend/src/main/java/com/lms/dto/LeaveResponse.java:[45,42] cannot find symbol
  symbol:   method getRejectionReason()
  location: variable leave of type com.lms.entity.LeaveRequest
[ERROR] /C:/Users/admin/Desktop/lms-complete (3)/lms/backend/src/main/java/com/lms/dto/LeaveResponse.java:[46,36] cannot find symbol
  symbol:   method getCreatedAt()
  location: variable leave of type com.lms.entity.LeaveRequest
[ERROR] /C:/Users/admin/Desktop/lms-complete (3)/lms/backend/src/main/java/com/lms/dto/LeaveResponse.java:[47,36] cannot find symbol
  symbol:   method getUpdatedAt()
  location: variable leave of type com.lms.entity.LeaveRequest
[ERROR] /C:/Users/admin/Desktop/lms-complete (3)/lms/backend/src/main/java/com/lms/entity/User.java:[19,8] com.lms.entity.User is not abstract and does not override abstract method getPassword() in org.springframework.security.core.userdetails.UserDetails
[ERROR] /C:/Users/admin/Desktop/lms-complete (3)/lms/backend/src/main/java/com/lms/controller/LeaveController.java:[25,34] constructor ApiResponse in class com.lms.dto.ApiResponse cannot be applied to given types;
  required: boolean,java.lang.String
  found:    boolean,java.lang.String,com.lms.dto.LeaveResponse
  reason: actual and formal argument lists differ in length
[ERROR] /C:/Users/admin/Desktop/lms-complete (3)/lms/backend/src/main/java/com/lms/controller/LeaveController.java:[32,34] constructor ApiResponse in class com.lms.dto.ApiResponse cannot be applied to given types;
  required: boolean,java.lang.String
  found:    boolean,java.lang.String,java.util.List<com.lms.dto.LeaveResponse>
  reason: actual and formal argument lists differ in length
[ERROR] /C:/Users/admin/Desktop/lms-complete (3)/lms/backend/src/main/java/com/lms/controller/LeaveController.java:[39,34] constructor ApiResponse in class com.lms.dto.ApiResponse cannot be applied to given types;
  required: boolean,java.lang.String
  found:    boolean,java.lang.String,java.util.List<com.lms.dto.LeaveResponse>
  reason: actual and formal argument lists differ in length
[ERROR] /C:/Users/admin/Desktop/lms-complete (3)/lms/backend/src/main/java/com/lms/controller/LeaveController.java:[46,34] constructor ApiResponse in class com.lms.dto.ApiResponse cannot be applied to given types;
  required: boolean,java.lang.String
  found:    boolean,java.lang.String,com.lms.dto.LeaveResponse
  reason: actual and formal argument lists differ in length
[ERROR] /C:/Users/admin/Desktop/lms-complete (3)/lms/backend/src/main/java/com/lms/controller/LeaveController.java:[54,34] constructor ApiResponse in class com.lms.dto.ApiResponse cannot be applied to given types;
  required: boolean,java.lang.String
  found:    boolean,java.lang.String,com.lms.dto.LeaveResponse
  reason: actual and formal argument lists differ in length
[ERROR] /C:/Users/admin/Desktop/lms-complete (3)/lms/backend/src/main/java/com/lms/controller/LeaveController.java:[61,34] constructor ApiResponse in class com.lms.dto.ApiResponse cannot be applied to given types;
  required: boolean,java.lang.String
  found:    boolean,java.lang.String,com.lms.dto.DashboardStats
  reason: actual and formal argument lists differ in length
[ERROR] /C:/Users/admin/Desktop/lms-complete (3)/lms/backend/src/main/java/com/lms/controller/LeaveController.java:[68,34] constructor ApiResponse in class com.lms.dto.ApiResponse cannot be applied to given types;
  required: boolean,java.lang.String
  found:    boolean,java.lang.String,com.lms.dto.DashboardStats
  reason: actual and formal argument lists differ in length
[ERROR] /C:/Users/admin/Desktop/lms-complete (3)/lms/backend/src/main/java/com/lms/controller/LeaveController.java:[75,34] constructor ApiResponse in class com.lms.dto.ApiResponse cannot be applied to given types;
  required: boolean,java.lang.String
  found:    boolean,java.lang.String,com.lms.dto.DashboardStats
  reason: actual and formal argument lists differ in length
[ERROR] /C:/Users/admin/Desktop/lms-complete (3)/lms/backend/src/main/java/com/lms/service/LeaveService.java:[45,20] cannot find symbol
  symbol:   method getEndDate()
  location: variable request of type com.lms.dto.LeaveApplyRequest
[ERROR] /C:/Users/admin/Desktop/lms-complete (3)/lms/backend/src/main/java/com/lms/service/LeaveService.java:[45,50] cannot find symbol
  symbol:   method getStartDate()
  location: variable request of type com.lms.dto.LeaveApplyRequest
[ERROR] /C:/Users/admin/Desktop/lms-complete (3)/lms/backend/src/main/java/com/lms/service/LeaveService.java:[48,20] cannot find symbol
  symbol:   method getStartDate()
  location: variable request of type com.lms.dto.LeaveApplyRequest
[ERROR] /C:/Users/admin/Desktop/lms-complete (3)/lms/backend/src/main/java/com/lms/service/LeaveService.java:[52,37] cannot find symbol
  symbol:   method getEndDate()
  location: variable request of type com.lms.dto.LeaveApplyRequest
[ERROR] /C:/Users/admin/Desktop/lms-complete (3)/lms/backend/src/main/java/com/lms/service/LeaveService.java:[52,73] cannot find symbol
  symbol:   method getStartDate()
  location: variable request of type com.lms.dto.LeaveApplyRequest
[ERROR] /C:/Users/admin/Desktop/lms-complete (3)/lms/backend/src/main/java/com/lms/service/LeaveService.java:[59,21] cannot find symbol
  symbol:   method setEmployee(com.lms.entity.User)
  location: variable leaveRequest of type com.lms.entity.LeaveRequest
[ERROR] /C:/Users/admin/Desktop/lms-complete (3)/lms/backend/src/main/java/com/lms/service/LeaveService.java:[60,42] cannot find symbol
  symbol:   method getStartDate()
  location: variable request of type com.lms.dto.LeaveApplyRequest
[ERROR] /C:/Users/admin/Desktop/lms-complete (3)/lms/backend/src/main/java/com/lms/service/LeaveService.java:[61,40] cannot find symbol
  symbol:   method getEndDate()
  location: variable request of type com.lms.dto.LeaveApplyRequest
[ERROR] /C:/Users/admin/Desktop/lms-complete (3)/lms/backend/src/main/java/com/lms/service/LeaveService.java:[62,42] cannot find symbol
  symbol:   method getLeaveType()
  location: variable request of type com.lms.dto.LeaveApplyRequest
[ERROR] /C:/Users/admin/Desktop/lms-complete (3)/lms/backend/src/main/java/com/lms/service/LeaveService.java:[63,39] cannot find symbol
  symbol:   method getReason()
  location: variable request of type com.lms.dto.LeaveApplyRequest
[ERROR] /C:/Users/admin/Desktop/lms-complete (3)/lms/backend/src/main/java/com/lms/service/LeaveService.java:[64,21] cannot find symbol
  symbol:   method setStatus(com.lms.entity.LeaveStatus)
  location: variable leaveRequest of type com.lms.entity.LeaveRequest
[ERROR] /C:/Users/admin/Desktop/lms-complete (3)/lms/backend/src/main/java/com/lms/service/LeaveService.java:[91,25] cannot find symbol
  symbol:   method getStatus()
  location: variable leaveRequest of type com.lms.entity.LeaveRequest
[ERROR] /C:/Users/admin/Desktop/lms-complete (3)/lms/backend/src/main/java/com/lms/service/LeaveService.java:[92,85] cannot find symbol
  symbol:   method getStatus()
  location: variable leaveRequest of type com.lms.entity.LeaveRequest
[ERROR] /C:/Users/admin/Desktop/lms-complete (3)/lms/backend/src/main/java/com/lms/service/LeaveService.java:[95,21] cannot find symbol
  symbol:   method setStatus(com.lms.entity.LeaveStatus)
  location: variable leaveRequest of type com.lms.entity.LeaveRequest
[ERROR] /C:/Users/admin/Desktop/lms-complete (3)/lms/backend/src/main/java/com/lms/service/LeaveService.java:[96,21] cannot find symbol
  symbol:   method setReviewedBy(com.lms.entity.User)
  location: variable leaveRequest of type com.lms.entity.LeaveRequest
[ERROR] /C:/Users/admin/Desktop/lms-complete (3)/lms/backend/src/main/java/com/lms/service/LeaveService.java:[99,37] cannot find symbol
  symbol:   method getEmployee()
  location: variable leaveRequest of type com.lms.entity.LeaveRequest
[ERROR] /C:/Users/admin/Desktop/lms-complete (3)/lms/backend/src/main/java/com/lms/service/LeaveService.java:[101,47] cannot find symbol
  symbol:   method getUsedLeaves()
  location: variable employee of type com.lms.entity.User
[ERROR] /C:/Users/admin/Desktop/lms-complete (3)/lms/backend/src/main/java/com/lms/service/LeaveService.java:[101,17] cannot find symbol
  symbol:   method setUsedLeaves(int)
  location: variable employee of type com.lms.entity.User
[ERROR] /C:/Users/admin/Desktop/lms-complete (3)/lms/backend/src/main/java/com/lms/service/LeaveService.java:[115,25] cannot find symbol
  symbol:   method getStatus()
  location: variable leaveRequest of type com.lms.entity.LeaveRequest
[ERROR] /C:/Users/admin/Desktop/lms-complete (3)/lms/backend/src/main/java/com/lms/service/LeaveService.java:[116,85] cannot find symbol
  symbol:   method getStatus()
  location: variable leaveRequest of type com.lms.entity.LeaveRequest
[ERROR] /C:/Users/admin/Desktop/lms-complete (3)/lms/backend/src/main/java/com/lms/service/LeaveService.java:[119,21] cannot find symbol
  symbol:   method setStatus(com.lms.entity.LeaveStatus)
  location: variable leaveRequest of type com.lms.entity.LeaveRequest
[ERROR] /C:/Users/admin/Desktop/lms-complete (3)/lms/backend/src/main/java/com/lms/service/LeaveService.java:[120,21] cannot find symbol
  symbol:   method setReviewedBy(com.lms.entity.User)
  location: variable leaveRequest of type com.lms.entity.LeaveRequest
[ERROR] /C:/Users/admin/Desktop/lms-complete (3)/lms/backend/src/main/java/com/lms/service/LeaveService.java:[121,51] cannot find symbol
  symbol:   method getRejectionReason()
  location: variable updateRequest of type com.lms.dto.LeaveStatusUpdateRequest
[ERROR] /C:/Users/admin/Desktop/lms-complete (3)/lms/backend/src/main/java/com/lms/service/LeaveService.java:[122,58] cannot find symbol
  symbol:   method getRejectionReason()
  location: variable updateRequest of type com.lms.dto.LeaveStatusUpdateRequest
[ERROR] /C:/Users/admin/Desktop/lms-complete (3)/lms/backend/src/main/java/com/lms/service/LeaveService.java:[133,38] cannot find symbol
  symbol:   method getTotalLeaves()
  location: variable employee of type com.lms.entity.User
[ERROR] /C:/Users/admin/Desktop/lms-complete (3)/lms/backend/src/main/java/com/lms/service/LeaveService.java:[134,37] cannot find symbol
  symbol:   method getUsedLeaves()
  location: variable employee of type com.lms.entity.User
[ERROR] /C:/Users/admin/Desktop/lms-complete (3)/lms/backend/src/main/java/com/lms/service/LeaveService.java:[135,14] cannot find symbol
  symbol:   method setRemainingLeaves(int)
  location: variable stats of type com.lms.dto.DashboardStats
[ERROR] /C:/Users/admin/Desktop/lms-complete (3)/lms/backend/src/main/java/com/lms/service/LeaveService.java:[136,14] cannot find symbol
  symbol:   method setPendingRequests(long)
  location: variable stats of type com.lms.dto.DashboardStats
[ERROR] /C:/Users/admin/Desktop/lms-complete (3)/lms/backend/src/main/java/com/lms/service/LeaveService.java:[137,14] cannot find symbol
  symbol:   method setApprovedRequests(long)
  location: variable stats of type com.lms.dto.DashboardStats
[ERROR] /C:/Users/admin/Desktop/lms-complete (3)/lms/backend/src/main/java/com/lms/service/LeaveService.java:[138,14] cannot find symbol
  symbol:   method setRejectedRequests(long)
  location: variable stats of type com.lms.dto.DashboardStats
[ERROR] /C:/Users/admin/Desktop/lms-complete (3)/lms/backend/src/main/java/com/lms/service/LeaveService.java:[144,14] cannot find symbol
  symbol:   method setTotalRequests(long)
  location: variable stats of type com.lms.dto.DashboardStats
[ERROR] /C:/Users/admin/Desktop/lms-complete (3)/lms/backend/src/main/java/com/lms/service/LeaveService.java:[145,14] cannot find symbol
  symbol:   method setTotalPending(long)
  location: variable stats of type com.lms.dto.DashboardStats
[ERROR] /C:/Users/admin/Desktop/lms-complete (3)/lms/backend/src/main/java/com/lms/service/LeaveService.java:[146,14] cannot find symbol
  symbol:   method setTotalApproved(long)
  location: variable stats of type com.lms.dto.DashboardStats
[ERROR] /C:/Users/admin/Desktop/lms-complete (3)/lms/backend/src/main/java/com/lms/service/LeaveService.java:[147,14] cannot find symbol
  symbol:   method setTotalRejected(long)
  location: variable stats of type com.lms.dto.DashboardStats
[ERROR] /C:/Users/admin/Desktop/lms-complete (3)/lms/backend/src/main/java/com/lms/service/EmailNotificationService.java:[38,13] cannot find symbol
  symbol:   variable log
  location: class com.lms.service.EmailNotificationService
[ERROR] /C:/Users/admin/Desktop/lms-complete (3)/lms/backend/src/main/java/com/lms/service/EmailNotificationService.java:[38,78] cannot find symbol
  symbol:   method getId()
  location: variable leaveRequest of type com.lms.entity.LeaveRequest
[ERROR] /C:/Users/admin/Desktop/lms-complete (3)/lms/backend/src/main/java/com/lms/service/EmailNotificationService.java:[40,13] cannot find symbol
  symbol:   variable log
  location: class com.lms.service.EmailNotificationService
[ERROR] /C:/Users/admin/Desktop/lms-complete (3)/lms/backend/src/main/java/com/lms/service/EmailNotificationService.java:[40,115] cannot find symbol
  symbol:   method getId()
  location: variable leaveRequest of type com.lms.entity.LeaveRequest
[ERROR] /C:/Users/admin/Desktop/lms-complete (3)/lms/backend/src/main/java/com/lms/service/EmailNotificationService.java:[42,13] cannot find symbol
  symbol:   variable log
  location: class com.lms.service.EmailNotificationService
[ERROR] /C:/Users/admin/Desktop/lms-complete (3)/lms/backend/src/main/java/com/lms/service/EmailNotificationService.java:[42,89] cannot find symbol
  symbol:   method getId()
  location: variable leaveRequest of type com.lms.entity.LeaveRequest
[ERROR] /C:/Users/admin/Desktop/lms-complete (3)/lms/backend/src/main/java/com/lms/service/EmailNotificationService.java:[44,13] cannot find symbol
  symbol:   variable log
  location: class com.lms.service.EmailNotificationService
[ERROR] /C:/Users/admin/Desktop/lms-complete (3)/lms/backend/src/main/java/com/lms/service/EmailNotificationService.java:[44,105] cannot find symbol
  symbol:   method getId()
  location: variable leaveRequest of type com.lms.entity.LeaveRequest
[ERROR] /C:/Users/admin/Desktop/lms-complete (3)/lms/backend/src/main/java/com/lms/service/EmailNotificationService.java:[57,13] cannot find symbol
  symbol:   variable log
  location: class com.lms.service.EmailNotificationService
[ERROR] /C:/Users/admin/Desktop/lms-complete (3)/lms/backend/src/main/java/com/lms/service/EmailNotificationService.java:[57,79] cannot find symbol
  symbol:   method getId()
  location: variable leaveRequest of type com.lms.entity.LeaveRequest
[ERROR] /C:/Users/admin/Desktop/lms-complete (3)/lms/backend/src/main/java/com/lms/service/EmailNotificationService.java:[59,13] cannot find symbol
  symbol:   variable log
  location: class com.lms.service.EmailNotificationService
[ERROR] /C:/Users/admin/Desktop/lms-complete (3)/lms/backend/src/main/java/com/lms/service/EmailNotificationService.java:[59,116] cannot find symbol
  symbol:   method getId()
  location: variable leaveRequest of type com.lms.entity.LeaveRequest
[ERROR] /C:/Users/admin/Desktop/lms-complete (3)/lms/backend/src/main/java/com/lms/service/EmailNotificationService.java:[61,13] cannot find symbol
  symbol:   variable log
  location: class com.lms.service.EmailNotificationService
[ERROR] /C:/Users/admin/Desktop/lms-complete (3)/lms/backend/src/main/java/com/lms/service/EmailNotificationService.java:[61,90] cannot find symbol
  symbol:   method getId()
  location: variable leaveRequest of type com.lms.entity.LeaveRequest
[ERROR] /C:/Users/admin/Desktop/lms-complete (3)/lms/backend/src/main/java/com/lms/service/EmailNotificationService.java:[63,13] cannot find symbol
  symbol:   variable log
  location: class com.lms.service.EmailNotificationService
[ERROR] /C:/Users/admin/Desktop/lms-complete (3)/lms/backend/src/main/java/com/lms/service/EmailNotificationService.java:[63,106] cannot find symbol
  symbol:   method getId()
  location: variable leaveRequest of type com.lms.entity.LeaveRequest
[ERROR] /C:/Users/admin/Desktop/lms-complete (3)/lms/backend/src/main/java/com/lms/service/EmailNotificationService.java:[68,64] cannot find symbol
  symbol:   method getEmployee()
  location: variable leaveRequest of type com.lms.entity.LeaveRequest
[ERROR] /C:/Users/admin/Desktop/lms-complete (3)/lms/backend/src/main/java/com/lms/service/EmailNotificationService.java:[69,42] cannot find symbol
  symbol:   method getReviewedBy()
  location: variable leaveRequest of type com.lms.entity.LeaveRequest
[ERROR] /C:/Users/admin/Desktop/lms-complete (3)/lms/backend/src/main/java/com/lms/service/EmailNotificationService.java:[70,52] cannot find symbol
  symbol:   method getReviewedBy()
  location: variable leaveRequest of type com.lms.entity.LeaveRequest
[ERROR] /C:/Users/admin/Desktop/lms-complete (3)/lms/backend/src/main/java/com/lms/service/EmailNotificationService.java:[72,61] cannot find symbol
  symbol:   method getLeaveType()
  location: variable leaveRequest of type com.lms.entity.LeaveRequest
[ERROR] /C:/Users/admin/Desktop/lms-complete (3)/lms/backend/src/main/java/com/lms/service/EmailNotificationService.java:[73,58] cannot find symbol
  symbol:   method getReason()
  location: variable leaveRequest of type com.lms.entity.LeaveRequest
[ERROR] /C:/Users/admin/Desktop/lms-complete (3)/lms/backend/src/main/java/com/lms/service/EmailNotificationService.java:[95,40] cannot find symbol
  symbol:   method getStartDate()
  location: variable leaveRequest of type com.lms.entity.LeaveRequest
[ERROR] /C:/Users/admin/Desktop/lms-complete (3)/lms/backend/src/main/java/com/lms/service/EmailNotificationService.java:[96,40] cannot find symbol
  symbol:   method getEndDate()
  location: variable leaveRequest of type com.lms.entity.LeaveRequest
[ERROR] /C:/Users/admin/Desktop/lms-complete (3)/lms/backend/src/main/java/com/lms/service/EmailNotificationService.java:[99,52] cannot find symbol
  symbol:   method getFromName()
  location: variable mailProperties of type com.lms.config.MailProperties
[ERROR] /C:/Users/admin/Desktop/lms-complete (3)/lms/backend/src/main/java/com/lms/service/EmailNotificationService.java:[104,64] cannot find symbol
  symbol:   method getEmployee()
  location: variable leaveRequest of type com.lms.entity.LeaveRequest
[ERROR] /C:/Users/admin/Desktop/lms-complete (3)/lms/backend/src/main/java/com/lms/service/EmailNotificationService.java:[105,42] cannot find symbol
  symbol:   method getReviewedBy()
  location: variable leaveRequest of type com.lms.entity.LeaveRequest
[ERROR] /C:/Users/admin/Desktop/lms-complete (3)/lms/backend/src/main/java/com/lms/service/EmailNotificationService.java:[106,52] cannot find symbol
  symbol:   method getReviewedBy()
  location: variable leaveRequest of type com.lms.entity.LeaveRequest
[ERROR] /C:/Users/admin/Desktop/lms-complete (3)/lms/backend/src/main/java/com/lms/service/EmailNotificationService.java:[108,61] cannot find symbol
  symbol:   method getLeaveType()
  location: variable leaveRequest of type com.lms.entity.LeaveRequest
[ERROR] /C:/Users/admin/Desktop/lms-complete (3)/lms/backend/src/main/java/com/lms/service/EmailNotificationService.java:[109,58] cannot find symbol
  symbol:   method getReason()
  location: variable leaveRequest of type com.lms.entity.LeaveRequest
[ERROR] /C:/Users/admin/Desktop/lms-complete (3)/lms/backend/src/main/java/com/lms/service/EmailNotificationService.java:[110,54] cannot find symbol
  symbol:   method getRejectionReason()
  location: variable leaveRequest of type com.lms.entity.LeaveRequest
[ERROR] /C:/Users/admin/Desktop/lms-complete (3)/lms/backend/src/main/java/com/lms/service/EmailNotificationService.java:[112,52] cannot find symbol
  symbol:   method getRejectionReason()
  location: variable leaveRequest of type com.lms.entity.LeaveRequest
[ERROR] /C:/Users/admin/Desktop/lms-complete (3)/lms/backend/src/main/java/com/lms/service/EmailNotificationService.java:[135,40] cannot find symbol
  symbol:   method getStartDate()
  location: variable leaveRequest of type com.lms.entity.LeaveRequest
[ERROR] /C:/Users/admin/Desktop/lms-complete (3)/lms/backend/src/main/java/com/lms/service/EmailNotificationService.java:[136,40] cannot find symbol
  symbol:   method getEndDate()
  location: variable leaveRequest of type com.lms.entity.LeaveRequest
[ERROR] /C:/Users/admin/Desktop/lms-complete (3)/lms/backend/src/main/java/com/lms/service/EmailNotificationService.java:[140,52] cannot find symbol
  symbol:   method getFromName()
  location: variable mailProperties of type com.lms.config.MailProperties
[ERROR] /C:/Users/admin/Desktop/lms-complete (3)/lms/backend/src/main/java/com/lms/service/EmailNotificationService.java:[146,28] cannot find symbol
  symbol:   method isEnabled()
  location: variable mailProperties of type com.lms.config.MailProperties
[ERROR] /C:/Users/admin/Desktop/lms-complete (3)/lms/backend/src/main/java/com/lms/service/EmailNotificationService.java:[147,13] cannot find symbol
  symbol:   variable log
  location: class com.lms.service.EmailNotificationService
[ERROR] /C:/Users/admin/Desktop/lms-complete (3)/lms/backend/src/main/java/com/lms/service/EmailNotificationService.java:[147,121] cannot find symbol
  symbol:   method getId()
  location: variable leaveRequest of type com.lms.entity.LeaveRequest
[ERROR] /C:/Users/admin/Desktop/lms-complete (3)/lms/backend/src/main/java/com/lms/service/EmailNotificationService.java:[151,35] cannot find symbol
  symbol:   method getFromAddress()
  location: variable mailProperties of type com.lms.config.MailProperties
[ERROR] /C:/Users/admin/Desktop/lms-complete (3)/lms/backend/src/main/java/com/lms/service/EmailNotificationService.java:[152,13] cannot find symbol
  symbol:   variable log
  location: class com.lms.service.EmailNotificationService
[ERROR] /C:/Users/admin/Desktop/lms-complete (3)/lms/backend/src/main/java/com/lms/service/EmailNotificationService.java:[153,44] cannot find symbol
  symbol:   method getId()
  location: variable leaveRequest of type com.lms.entity.LeaveRequest
[ERROR] /C:/Users/admin/Desktop/lms-complete (3)/lms/backend/src/main/java/com/lms/service/EmailNotificationService.java:[159,34] cannot find symbol
  symbol:   method getEmployee()
  location: variable leaveRequest of type com.lms.entity.LeaveRequest
[INFO] 100 errors 
[INFO] -------------------------------------------------------------
[INFO] ------------------------------------------------------------------------
[INFO] BUILD FAILURE
[INFO] ------------------------------------------------------------------------
[INFO] Total time:  14.712 s
[INFO] Finished at: 2026-04-25T11:39:52+05:30
[INFO] ------------------------------------------------------------------------
[ERROR] Failed to execute goal org.apache.maven.plugins:maven-compiler-plugin:3.11.0:compile (default-compile) on project leave-management-system: Compilation failure: Compilation failure: 
[ERROR] /C:/Users/admin/Desktop/lms-complete (3)/lms/backend/src/main/java/com/lms/dto/LeaveResponse.java:[31,29] cannot find symbol
[ERROR]   symbol:   method getId()
[ERROR]   location: variable leave of type com.lms.entity.LeaveRequest
[ERROR] /C:/Users/admin/Desktop/lms-complete (3)/lms/backend/src/main/java/com/lms/dto/LeaveResponse.java:[32,37] cannot find symbol
[ERROR]   symbol:   method getEmployee()
[ERROR]   location: variable leave of type com.lms.entity.LeaveRequest
[ERROR] /C:/Users/admin/Desktop/lms-complete (3)/lms/backend/src/main/java/com/lms/dto/LeaveResponse.java:[33,39] cannot find symbol
[ERROR]   symbol:   method getEmployee()
[ERROR]   location: variable leave of type com.lms.entity.LeaveRequest
[ERROR] /C:/Users/admin/Desktop/lms-complete (3)/lms/backend/src/main/java/com/lms/dto/LeaveResponse.java:[34,40] cannot find symbol
[ERROR]   symbol:   method getEmployee()
[ERROR]   location: variable leave of type com.lms.entity.LeaveRequest
[ERROR] /C:/Users/admin/Desktop/lms-complete (3)/lms/backend/src/main/java/com/lms/dto/LeaveResponse.java:[35,37] cannot find symbol
[ERROR]   symbol:   method getEmployee()
[ERROR]   location: variable leave of type com.lms.entity.LeaveRequest
[ERROR] /C:/Users/admin/Desktop/lms-complete (3)/lms/backend/src/main/java/com/lms/dto/LeaveResponse.java:[36,36] cannot find symbol
[ERROR]   symbol:   method getStartDate()
[ERROR]   location: variable leave of type com.lms.entity.LeaveRequest
[ERROR] /C:/Users/admin/Desktop/lms-complete (3)/lms/backend/src/main/java/com/lms/dto/LeaveResponse.java:[37,34] cannot find symbol
[ERROR]   symbol:   method getEndDate()
[ERROR]   location: variable leave of type com.lms.entity.LeaveRequest
[ERROR] /C:/Users/admin/Desktop/lms-complete (3)/lms/backend/src/main/java/com/lms/dto/LeaveResponse.java:[38,17] cannot find symbol
[ERROR]   symbol:   method setNumberOfDays(long)
[ERROR]   location: variable response of type com.lms.dto.LeaveResponse
[ERROR] /C:/Users/admin/Desktop/lms-complete (3)/lms/backend/src/main/java/com/lms/dto/LeaveResponse.java:[39,36] cannot find symbol
[ERROR]   symbol:   method getLeaveType()
[ERROR]   location: variable leave of type com.lms.entity.LeaveRequest
[ERROR] /C:/Users/admin/Desktop/lms-complete (3)/lms/backend/src/main/java/com/lms/dto/LeaveResponse.java:[40,33] cannot find symbol
[ERROR]   symbol:   method getReason()
[ERROR]   location: variable leave of type com.lms.entity.LeaveRequest
[ERROR] /C:/Users/admin/Desktop/lms-complete (3)/lms/backend/src/main/java/com/lms/dto/LeaveResponse.java:[41,33] cannot find symbol
[ERROR]   symbol:   method getStatus()
[ERROR]   location: variable leave of type com.lms.entity.LeaveRequest
[ERROR] /C:/Users/admin/Desktop/lms-complete (3)/lms/backend/src/main/java/com/lms/dto/LeaveResponse.java:[42,18] cannot find symbol
[ERROR]   symbol:   method getReviewedBy()
[ERROR]   location: variable leave of type com.lms.entity.LeaveRequest
[ERROR] /C:/Users/admin/Desktop/lms-complete (3)/lms/backend/src/main/java/com/lms/dto/LeaveResponse.java:[43,45] cannot find symbol
[ERROR]   symbol:   method getReviewedBy()
[ERROR]   location: variable leave of type com.lms.entity.LeaveRequest
[ERROR] /C:/Users/admin/Desktop/lms-complete (3)/lms/backend/src/main/java/com/lms/dto/LeaveResponse.java:[45,42] cannot find symbol
[ERROR]   symbol:   method getRejectionReason()
[ERROR]   location: variable leave of type com.lms.entity.LeaveRequest
[ERROR] /C:/Users/admin/Desktop/lms-complete (3)/lms/backend/src/main/java/com/lms/dto/LeaveResponse.java:[46,36] cannot find symbol
[ERROR]   symbol:   method getCreatedAt()
[ERROR]   location: variable leave of type com.lms.entity.LeaveRequest
[ERROR] /C:/Users/admin/Desktop/lms-complete (3)/lms/backend/src/main/java/com/lms/dto/LeaveResponse.java:[47,36] cannot find symbol
[ERROR]   symbol:   method getUpdatedAt()
[ERROR]   location: variable leave of type com.lms.entity.LeaveRequest
[ERROR] /C:/Users/admin/Desktop/lms-complete (3)/lms/backend/src/main/java/com/lms/entity/User.java:[19,8] com.lms.entity.User is not abstract and does not override abstract method getPassword() in org.springframework.security.core.userdetails.UserDetails
[ERROR] /C:/Users/admin/Desktop/lms-complete (3)/lms/backend/src/main/java/com/lms/controller/LeaveController.java:[25,34] constructor ApiResponse in class com.lms.dto.ApiResponse cannot be applied to given types;
[ERROR]   required: boolean,java.lang.String
[ERROR]   found:    boolean,java.lang.String,com.lms.dto.LeaveResponse
[ERROR]   reason: actual and formal argument lists differ in length
[ERROR] /C:/Users/admin/Desktop/lms-complete (3)/lms/backend/src/main/java/com/lms/controller/LeaveController.java:[32,34] constructor ApiResponse in class com.lms.dto.ApiResponse cannot be applied to given types;
[ERROR]   required: boolean,java.lang.String
[ERROR]   found:    boolean,java.lang.String,java.util.List<com.lms.dto.LeaveResponse>
[ERROR]   reason: actual and formal argument lists differ in length
[ERROR] /C:/Users/admin/Desktop/lms-complete (3)/lms/backend/src/main/java/com/lms/controller/LeaveController.java:[39,34] constructor ApiResponse in class com.lms.dto.ApiResponse cannot be applied to given types;
[ERROR]   required: boolean,java.lang.String
[ERROR]   found:    boolean,java.lang.String,java.util.List<com.lms.dto.LeaveResponse>
[ERROR]   reason: actual and formal argument lists differ in length
[ERROR] /C:/Users/admin/Desktop/lms-complete (3)/lms/backend/src/main/java/com/lms/controller/LeaveController.java:[46,34] constructor ApiResponse in class com.lms.dto.ApiResponse cannot be applied to given types;
[ERROR]   required: boolean,java.lang.String
[ERROR]   found:    boolean,java.lang.String,com.lms.dto.LeaveResponse
[ERROR]   reason: actual and formal argument lists differ in length
[ERROR] /C:/Users/admin/Desktop/lms-complete (3)/lms/backend/src/main/java/com/lms/controller/LeaveController.java:[54,34] constructor ApiResponse in class com.lms.dto.ApiResponse cannot be applied to given types;
[ERROR]   required: boolean,java.lang.String
[ERROR]   found:    boolean,java.lang.String,com.lms.dto.LeaveResponse
[ERROR]   reason: actual and formal argument lists differ in length
[ERROR] /C:/Users/admin/Desktop/lms-complete (3)/lms/backend/src/main/java/com/lms/controller/LeaveController.java:[61,34] constructor ApiResponse in class com.lms.dto.ApiResponse cannot be applied to given types;
[ERROR]   required: boolean,java.lang.String
[ERROR]   found:    boolean,java.lang.String,com.lms.dto.DashboardStats
[ERROR]   reason: actual and formal argument lists differ in length
[ERROR] /C:/Users/admin/Desktop/lms-complete (3)/lms/backend/src/main/java/com/lms/controller/LeaveController.java:[68,34] constructor ApiResponse in class com.lms.dto.ApiResponse cannot be applied to given types;
[ERROR]   required: boolean,java.lang.String
[ERROR]   found:    boolean,java.lang.String,com.lms.dto.DashboardStats
[ERROR]   reason: actual and formal argument lists differ in length
[ERROR] /C:/Users/admin/Desktop/lms-complete (3)/lms/backend/src/main/java/com/lms/controller/LeaveController.java:[75,34] constructor ApiResponse in class com.lms.dto.ApiResponse cannot be applied to given types;
[ERROR]   required: boolean,java.lang.String
[ERROR]   found:    boolean,java.lang.String,com.lms.dto.DashboardStats
[ERROR]   reason: actual and formal argument lists differ in length
[ERROR] /C:/Users/admin/Desktop/lms-complete (3)/lms/backend/src/main/java/com/lms/service/LeaveService.java:[45,20] cannot find symbol
[ERROR]   symbol:   method getEndDate()
[ERROR]   location: variable request of type com.lms.dto.LeaveApplyRequest
[ERROR] /C:/Users/admin/Desktop/lms-complete (3)/lms/backend/src/main/java/com/lms/service/LeaveService.java:[45,50] cannot find symbol
[ERROR]   symbol:   method getStartDate()
[ERROR]   location: variable request of type com.lms.dto.LeaveApplyRequest
[ERROR] /C:/Users/admin/Desktop/lms-complete (3)/lms/backend/src/main/java/com/lms/service/LeaveService.java:[48,20] cannot find symbol
[ERROR]   symbol:   method getStartDate()
[ERROR]   location: variable request of type com.lms.dto.LeaveApplyRequest
[ERROR] /C:/Users/admin/Desktop/lms-complete (3)/lms/backend/src/main/java/com/lms/service/LeaveService.java:[52,37] cannot find symbol
[ERROR]   symbol:   method getEndDate()
[ERROR]   location: variable request of type com.lms.dto.LeaveApplyRequest
[ERROR] /C:/Users/admin/Desktop/lms-complete (3)/lms/backend/src/main/java/com/lms/service/LeaveService.java:[52,73] cannot find symbol
[ERROR]   symbol:   method getStartDate()
[ERROR]   location: variable request of type com.lms.dto.LeaveApplyRequest
[ERROR] /C:/Users/admin/Desktop/lms-complete (3)/lms/backend/src/main/java/com/lms/service/LeaveService.java:[59,21] cannot find symbol
[ERROR]   symbol:   method setEmployee(com.lms.entity.User)
[ERROR]   location: variable leaveRequest of type com.lms.entity.LeaveRequest
[ERROR] /C:/Users/admin/Desktop/lms-complete (3)/lms/backend/src/main/java/com/lms/service/LeaveService.java:[60,42] cannot find symbol
[ERROR]   symbol:   method getStartDate()
[ERROR]   location: variable request of type com.lms.dto.LeaveApplyRequest
[ERROR] /C:/Users/admin/Desktop/lms-complete (3)/lms/backend/src/main/java/com/lms/service/LeaveService.java:[61,40] cannot find symbol
[ERROR]   symbol:   method getEndDate()
[ERROR]   location: variable request of type com.lms.dto.LeaveApplyRequest
[ERROR] /C:/Users/admin/Desktop/lms-complete (3)/lms/backend/src/main/java/com/lms/service/LeaveService.java:[62,42] cannot find symbol
[ERROR]   symbol:   method getLeaveType()
[ERROR]   location: variable request of type com.lms.dto.LeaveApplyRequest
[ERROR] /C:/Users/admin/Desktop/lms-complete (3)/lms/backend/src/main/java/com/lms/service/LeaveService.java:[63,39] cannot find symbol
[ERROR]   symbol:   method getReason()
[ERROR]   location: variable request of type com.lms.dto.LeaveApplyRequest
[ERROR] /C:/Users/admin/Desktop/lms-complete (3)/lms/backend/src/main/java/com/lms/service/LeaveService.java:[64,21] cannot find symbol
[ERROR]   symbol:   method setStatus(com.lms.entity.LeaveStatus)
[ERROR]   location: variable leaveRequest of type com.lms.entity.LeaveRequest
[ERROR] /C:/Users/admin/Desktop/lms-complete (3)/lms/backend/src/main/java/com/lms/service/LeaveService.java:[91,25] cannot find symbol
[ERROR]   symbol:   method getStatus()
[ERROR]   location: variable leaveRequest of type com.lms.entity.LeaveRequest
[ERROR] /C:/Users/admin/Desktop/lms-complete (3)/lms/backend/src/main/java/com/lms/service/LeaveService.java:[92,85] cannot find symbol
[ERROR]   symbol:   method getStatus()
[ERROR]   location: variable leaveRequest of type com.lms.entity.LeaveRequest
[ERROR] /C:/Users/admin/Desktop/lms-complete (3)/lms/backend/src/main/java/com/lms/service/LeaveService.java:[95,21] cannot find symbol
[ERROR]   symbol:   method setStatus(com.lms.entity.LeaveStatus)
[ERROR]   location: variable leaveRequest of type com.lms.entity.LeaveRequest
[ERROR] /C:/Users/admin/Desktop/lms-complete (3)/lms/backend/src/main/java/com/lms/service/LeaveService.java:[96,21] cannot find symbol
[ERROR]   symbol:   method setReviewedBy(com.lms.entity.User)
[ERROR]   location: variable leaveRequest of type com.lms.entity.LeaveRequest
[ERROR] /C:/Users/admin/Desktop/lms-complete (3)/lms/backend/src/main/java/com/lms/service/LeaveService.java:[99,37] cannot find symbol
[ERROR]   symbol:   method getEmployee()
[ERROR]   location: variable leaveRequest of type com.lms.entity.LeaveRequest
[ERROR] /C:/Users/admin/Desktop/lms-complete (3)/lms/backend/src/main/java/com/lms/service/LeaveService.java:[101,47] cannot find symbol
[ERROR]   symbol:   method getUsedLeaves()
[ERROR]   location: variable employee of type com.lms.entity.User
[ERROR] /C:/Users/admin/Desktop/lms-complete (3)/lms/backend/src/main/java/com/lms/service/LeaveService.java:[101,17] cannot find symbol
[ERROR]   symbol:   method setUsedLeaves(int)
[ERROR]   location: variable employee of type com.lms.entity.User
[ERROR] /C:/Users/admin/Desktop/lms-complete (3)/lms/backend/src/main/java/com/lms/service/LeaveService.java:[115,25] cannot find symbol
[ERROR]   symbol:   method getStatus()
[ERROR]   location: variable leaveRequest of type com.lms.entity.LeaveRequest
[ERROR] /C:/Users/admin/Desktop/lms-complete (3)/lms/backend/src/main/java/com/lms/service/LeaveService.java:[116,85] cannot find symbol
[ERROR]   symbol:   method getStatus()
[ERROR]   location: variable leaveRequest of type com.lms.entity.LeaveRequest
[ERROR] /C:/Users/admin/Desktop/lms-complete (3)/lms/backend/src/main/java/com/lms/service/LeaveService.java:[119,21] cannot find symbol
[ERROR]   symbol:   method setStatus(com.lms.entity.LeaveStatus)
[ERROR]   location: variable leaveRequest of type com.lms.entity.LeaveRequest
[ERROR] /C:/Users/admin/Desktop/lms-complete (3)/lms/backend/src/main/java/com/lms/service/LeaveService.java:[120,21] cannot find symbol
[ERROR]   symbol:   method setReviewedBy(com.lms.entity.User)
[ERROR]   location: variable leaveRequest of type com.lms.entity.LeaveRequest
[ERROR] /C:/Users/admin/Desktop/lms-complete (3)/lms/backend/src/main/java/com/lms/service/LeaveService.java:[121,51] cannot find symbol
[ERROR]   symbol:   method getRejectionReason()
[ERROR]   location: variable updateRequest of type com.lms.dto.LeaveStatusUpdateRequest
[ERROR] /C:/Users/admin/Desktop/lms-complete (3)/lms/backend/src/main/java/com/lms/service/LeaveService.java:[122,58] cannot find symbol
[ERROR]   symbol:   method getRejectionReason()
[ERROR]   location: variable updateRequest of type com.lms.dto.LeaveStatusUpdateRequest
[ERROR] /C:/Users/admin/Desktop/lms-complete (3)/lms/backend/src/main/java/com/lms/service/LeaveService.java:[133,38] cannot find symbol
[ERROR]   symbol:   method getTotalLeaves()
[ERROR]   location: variable employee of type com.lms.entity.User
[ERROR] /C:/Users/admin/Desktop/lms-complete (3)/lms/backend/src/main/java/com/lms/service/LeaveService.java:[134,37] cannot find symbol
[ERROR]   symbol:   method getUsedLeaves()
[ERROR]   location: variable employee of type com.lms.entity.User
[ERROR] /C:/Users/admin/Desktop/lms-complete (3)/lms/backend/src/main/java/com/lms/service/LeaveService.java:[135,14] cannot find symbol
[ERROR]   symbol:   method setRemainingLeaves(int)
[ERROR]   location: variable stats of type com.lms.dto.DashboardStats
[ERROR] /C:/Users/admin/Desktop/lms-complete (3)/lms/backend/src/main/java/com/lms/service/LeaveService.java:[136,14] cannot find symbol
[ERROR]   symbol:   method setPendingRequests(long)
[ERROR]   location: variable stats of type com.lms.dto.DashboardStats
[ERROR] /C:/Users/admin/Desktop/lms-complete (3)/lms/backend/src/main/java/com/lms/service/LeaveService.java:[137,14] cannot find symbol
[ERROR]   symbol:   method setApprovedRequests(long)
[ERROR]   location: variable stats of type com.lms.dto.DashboardStats
[ERROR] /C:/Users/admin/Desktop/lms-complete (3)/lms/backend/src/main/java/com/lms/service/LeaveService.java:[138,14] cannot find symbol
[ERROR]   symbol:   method setRejectedRequests(long)
[ERROR]   location: variable stats of type com.lms.dto.DashboardStats
[ERROR] /C:/Users/admin/Desktop/lms-complete (3)/lms/backend/src/main/java/com/lms/service/LeaveService.java:[144,14] cannot find symbol
[ERROR]   symbol:   method setTotalRequests(long)
[ERROR]   location: variable stats of type com.lms.dto.DashboardStats
[ERROR] /C:/Users/admin/Desktop/lms-complete (3)/lms/backend/src/main/java/com/lms/service/LeaveService.java:[145,14] cannot find symbol
[ERROR]   symbol:   method setTotalPending(long)
[ERROR]   location: variable stats of type com.lms.dto.DashboardStats
[ERROR] /C:/Users/admin/Desktop/lms-complete (3)/lms/backend/src/main/java/com/lms/service/LeaveService.java:[146,14] cannot find symbol
[ERROR]   symbol:   method setTotalApproved(long)
[ERROR]   location: variable stats of type com.lms.dto.DashboardStats
[ERROR] /C:/Users/admin/Desktop/lms-complete (3)/lms/backend/src/main/java/com/lms/service/LeaveService.java:[147,14] cannot find symbol
[ERROR]   symbol:   method setTotalRejected(long)
[ERROR]   location: variable stats of type com.lms.dto.DashboardStats
[ERROR] /C:/Users/admin/Desktop/lms-complete (3)/lms/backend/src/main/java/com/lms/service/EmailNotificationService.java:[38,13] cannot find symbol
[ERROR]   symbol:   variable log
[ERROR]   location: class com.lms.service.EmailNotificationService
[ERROR] /C:/Users/admin/Desktop/lms-complete (3)/lms/backend/src/main/java/com/lms/service/EmailNotificationService.java:[38,78] cannot find symbol
[ERROR]   symbol:   method getId()
[ERROR]   location: variable leaveRequest of type com.lms.entity.LeaveRequest
[ERROR] /C:/Users/admin/Desktop/lms-complete (3)/lms/backend/src/main/java/com/lms/service/EmailNotificationService.java:[40,13] cannot find symbol
[ERROR]   symbol:   variable log
[ERROR]   location: class com.lms.service.EmailNotificationService
[ERROR] /C:/Users/admin/Desktop/lms-complete (3)/lms/backend/src/main/java/com/lms/service/EmailNotificationService.java:[40,115] cannot find symbol
[ERROR]   symbol:   method getId()
[ERROR]   location: variable leaveRequest of type com.lms.entity.LeaveRequest
[ERROR] /C:/Users/admin/Desktop/lms-complete (3)/lms/backend/src/main/java/com/lms/service/EmailNotificationService.java:[42,13] cannot find symbol
[ERROR]   symbol:   variable log
[ERROR]   location: class com.lms.service.EmailNotificationService
[ERROR] /C:/Users/admin/Desktop/lms-complete (3)/lms/backend/src/main/java/com/lms/service/EmailNotificationService.java:[42,89] cannot find symbol
[ERROR]   symbol:   method getId()
[ERROR]   location: variable leaveRequest of type com.lms.entity.LeaveRequest
[ERROR] /C:/Users/admin/Desktop/lms-complete (3)/lms/backend/src/main/java/com/lms/service/EmailNotificationService.java:[44,13] cannot find symbol
[ERROR]   symbol:   variable log
[ERROR]   location: class com.lms.service.EmailNotificationService
[ERROR] /C:/Users/admin/Desktop/lms-complete (3)/lms/backend/src/main/java/com/lms/service/EmailNotificationService.java:[44,105] cannot find symbol
[ERROR]   symbol:   method getId()
[ERROR]   location: variable leaveRequest of type com.lms.entity.LeaveRequest
[ERROR] /C:/Users/admin/Desktop/lms-complete (3)/lms/backend/src/main/java/com/lms/service/EmailNotificationService.java:[57,13] cannot find symbol
[ERROR]   symbol:   variable log
[ERROR]   location: class com.lms.service.EmailNotificationService
[ERROR] /C:/Users/admin/Desktop/lms-complete (3)/lms/backend/src/main/java/com/lms/service/EmailNotificationService.java:[57,79] cannot find symbol
[ERROR]   symbol:   method getId()
[ERROR]   location: variable leaveRequest of type com.lms.entity.LeaveRequest
[ERROR] /C:/Users/admin/Desktop/lms-complete (3)/lms/backend/src/main/java/com/lms/service/EmailNotificationService.java:[59,13] cannot find symbol
[ERROR]   symbol:   variable log
[ERROR]   location: class com.lms.service.EmailNotificationService
[ERROR] /C:/Users/admin/Desktop/lms-complete (3)/lms/backend/src/main/java/com/lms/service/EmailNotificationService.java:[59,116] cannot find symbol
[ERROR]   symbol:   method getId()
[ERROR]   location: variable leaveRequest of type com.lms.entity.LeaveRequest
[ERROR] /C:/Users/admin/Desktop/lms-complete (3)/lms/backend/src/main/java/com/lms/service/EmailNotificationService.java:[61,13] cannot find symbol
[ERROR]   symbol:   variable log
[ERROR]   location: class com.lms.service.EmailNotificationService
[ERROR] /C:/Users/admin/Desktop/lms-complete (3)/lms/backend/src/main/java/com/lms/service/EmailNotificationService.java:[61,90] cannot find symbol
[ERROR]   symbol:   method getId()
[ERROR]   location: variable leaveRequest of type com.lms.entity.LeaveRequest
[ERROR] /C:/Users/admin/Desktop/lms-complete (3)/lms/backend/src/main/java/com/lms/service/EmailNotificationService.java:[63,13] cannot find symbol
[ERROR]   symbol:   variable log
[ERROR]   location: class com.lms.service.EmailNotificationService
[ERROR] /C:/Users/admin/Desktop/lms-complete (3)/lms/backend/src/main/java/com/lms/service/EmailNotificationService.java:[63,106] cannot find symbol
[ERROR]   symbol:   method getId()
[ERROR]   location: variable leaveRequest of type com.lms.entity.LeaveRequest
[ERROR] /C:/Users/admin/Desktop/lms-complete (3)/lms/backend/src/main/java/com/lms/service/EmailNotificationService.java:[68,64] cannot find symbol
[ERROR]   symbol:   method getEmployee()
[ERROR]   location: variable leaveRequest of type com.lms.entity.LeaveRequest
[ERROR] /C:/Users/admin/Desktop/lms-complete (3)/lms/backend/src/main/java/com/lms/service/EmailNotificationService.java:[69,42] cannot find symbol
[ERROR]   symbol:   method getReviewedBy()
[ERROR]   location: variable leaveRequest of type com.lms.entity.LeaveRequest
[ERROR] /C:/Users/admin/Desktop/lms-complete (3)/lms/backend/src/main/java/com/lms/service/EmailNotificationService.java:[70,52] cannot find symbol
[ERROR]   symbol:   method getReviewedBy()
[ERROR]   location: variable leaveRequest of type com.lms.entity.LeaveRequest
[ERROR] /C:/Users/admin/Desktop/lms-complete (3)/lms/backend/src/main/java/com/lms/service/EmailNotificationService.java:[72,61] cannot find symbol
[ERROR]   symbol:   method getLeaveType()
[ERROR]   location: variable leaveRequest of type com.lms.entity.LeaveRequest
[ERROR] /C:/Users/admin/Desktop/lms-complete (3)/lms/backend/src/main/java/com/lms/service/EmailNotificationService.java:[73,58] cannot find symbol
[ERROR]   symbol:   method getReason()
[ERROR]   location: variable leaveRequest of type com.lms.entity.LeaveRequest
[ERROR] /C:/Users/admin/Desktop/lms-complete (3)/lms/backend/src/main/java/com/lms/service/EmailNotificationService.java:[95,40] cannot find symbol
[ERROR]   symbol:   method getStartDate()
[ERROR]   location: variable leaveRequest of type com.lms.entity.LeaveRequest
[ERROR] /C:/Users/admin/Desktop/lms-complete (3)/lms/backend/src/main/java/com/lms/service/EmailNotificationService.java:[96,40] cannot find symbol
[ERROR]   symbol:   method getEndDate()
[ERROR]   location: variable leaveRequest of type com.lms.entity.LeaveRequest
[ERROR] /C:/Users/admin/Desktop/lms-complete (3)/lms/backend/src/main/java/com/lms/service/EmailNotificationService.java:[99,52] cannot find symbol
[ERROR]   symbol:   method getFromName()
[ERROR]   location: variable mailProperties of type com.lms.config.MailProperties
[ERROR] /C:/Users/admin/Desktop/lms-complete (3)/lms/backend/src/main/java/com/lms/service/EmailNotificationService.java:[104,64] cannot find symbol
[ERROR]   symbol:   method getEmployee()
[ERROR]   location: variable leaveRequest of type com.lms.entity.LeaveRequest
[ERROR] /C:/Users/admin/Desktop/lms-complete (3)/lms/backend/src/main/java/com/lms/service/EmailNotificationService.java:[105,42] cannot find symbol
[ERROR]   symbol:   method getReviewedBy()
[ERROR]   location: variable leaveRequest of type com.lms.entity.LeaveRequest
[ERROR] /C:/Users/admin/Desktop/lms-complete (3)/lms/backend/src/main/java/com/lms/service/EmailNotificationService.java:[106,52] cannot find symbol
[ERROR]   symbol:   method getReviewedBy()
[ERROR]   location: variable leaveRequest of type com.lms.entity.LeaveRequest
[ERROR] /C:/Users/admin/Desktop/lms-complete (3)/lms/backend/src/main/java/com/lms/service/EmailNotificationService.java:[108,61] cannot find symbol
[ERROR]   symbol:   method getLeaveType()
[ERROR]   location: variable leaveRequest of type com.lms.entity.LeaveRequest
[ERROR] /C:/Users/admin/Desktop/lms-complete (3)/lms/backend/src/main/java/com/lms/service/EmailNotificationService.java:[109,58] cannot find symbol
[ERROR]   symbol:   method getReason()
[ERROR]   location: variable leaveRequest of type com.lms.entity.LeaveRequest
[ERROR] /C:/Users/admin/Desktop/lms-complete (3)/lms/backend/src/main/java/com/lms/service/EmailNotificationService.java:[110,54] cannot find symbol
[ERROR]   symbol:   method getRejectionReason()
[ERROR]   location: variable leaveRequest of type com.lms.entity.LeaveRequest
[ERROR] /C:/Users/admin/Desktop/lms-complete (3)/lms/backend/src/main/java/com/lms/service/EmailNotificationService.java:[112,52] cannot find symbol
[ERROR]   symbol:   method getRejectionReason()
[ERROR]   location: variable leaveRequest of type com.lms.entity.LeaveRequest
[ERROR] /C:/Users/admin/Desktop/lms-complete (3)/lms/backend/src/main/java/com/lms/service/EmailNotificationService.java:[135,40] cannot find symbol
[ERROR]   symbol:   method getStartDate()
[ERROR]   location: variable leaveRequest of type com.lms.entity.LeaveRequest
[ERROR] /C:/Users/admin/Desktop/lms-complete (3)/lms/backend/src/main/java/com/lms/service/EmailNotificationService.java:[136,40] cannot find symbol
[ERROR]   symbol:   method getEndDate()
[ERROR]   location: variable leaveRequest of type com.lms.entity.LeaveRequest
[ERROR] /C:/Users/admin/Desktop/lms-complete (3)/lms/backend/src/main/java/com/lms/service/EmailNotificationService.java:[140,52] cannot find symbol
[ERROR]   symbol:   method getFromName()
[ERROR]   location: variable mailProperties of type com.lms.config.MailProperties
[ERROR] /C:/Users/admin/Desktop/lms-complete (3)/lms/backend/src/main/java/com/lms/service/EmailNotificationService.java:[146,28] cannot find symbol
[ERROR]   symbol:   method isEnabled()
[ERROR]   location: variable mailProperties of type com.lms.config.MailProperties
[ERROR] /C:/Users/admin/Desktop/lms-complete (3)/lms/backend/src/main/java/com/lms/service/EmailNotificationService.java:[147,13] cannot find symbol
[ERROR]   symbol:   variable log
[ERROR]   location: class com.lms.service.EmailNotificationService
[ERROR] /C:/Users/admin/Desktop/lms-complete (3)/lms/backend/src/main/java/com/lms/service/EmailNotificationService.java:[147,121] cannot find symbol
[ERROR]   symbol:   method getId()
[ERROR]   location: variable leaveRequest of type com.lms.entity.LeaveRequest
[ERROR] /C:/Users/admin/Desktop/lms-complete (3)/lms/backend/src/main/java/com/lms/service/EmailNotificationService.java:[151,35] cannot find symbol
[ERROR]   symbol:   method getFromAddress()
[ERROR]   location: variable mailProperties of type com.lms.config.MailProperties
[ERROR] /C:/Users/admin/Desktop/lms-complete (3)/lms/backend/src/main/java/com/lms/service/EmailNotificationService.java:[152,13] cannot find symbol
[ERROR]   symbol:   variable log
[ERROR]   location: class com.lms.service.EmailNotificationService
[ERROR] /C:/Users/admin/Desktop/lms-complete (3)/lms/backend/src/main/java/com/lms/service/EmailNotificationService.java:[153,44] cannot find symbol
[ERROR]   symbol:   method getId()
[ERROR]   location: variable leaveRequest of type com.lms.entity.LeaveRequest
[ERROR] /C:/Users/admin/Desktop/lms-complete (3)/lms/backend/src/main/java/com/lms/service/EmailNotificationService.java:[159,34] cannot find symbol
[ERROR]   symbol:   method getEmployee()
[ERROR]   location: variable leaveRequest of type com.lms.entity.LeaveRequest
[ERROR] -> [Help 1]
[ERROR] 
[ERROR] To see the full stack trace of the errors, re-run Maven with the -e switch.
[ERROR] Re-run Maven using the -X switch to enable full debug logging.
[ERROR] 
[ERROR] For more information about the errors and possible solutions, please read the following articles:
[ERROR] [Help 1] http://cwiki.apache.org/confluence/display/MAVEN/MojoFailureException
